Log file open, 01/22/18 16:46:53
LogInit:Display: Running engine for game: Borderlandsy
LogPlatformFile: Not using cached read wrapper
LogInit:Display: RandInit(538211575) SRandInit(538211575).
LogTaskGraph: Started task graph with 5 named threads and 10 total threads with 1 sets of task threads.
LogStats: Stats thread started at 0.167376
LogInit: Using libcurl 7.47.1
LogInit:  - built for x86_64-pc-win32
LogInit:  - supports SSL with OpenSSL/1.0.2g
LogInit:  - supports HTTP deflate (compression) using libz 1.2.8
LogInit:  - other features:
LogInit:      CURL_VERSION_SSL
LogInit:      CURL_VERSION_LIBZ
LogInit:      CURL_VERSION_IPV6
LogInit:      CURL_VERSION_ASYNCHDNS
LogInit:      CURL_VERSION_LARGEFILE
LogInit:      CURL_VERSION_IDN
LogInit:  CurlRequestOptions (configurable via config and command line):
LogInit:  - bVerifyPeer = false  - Libcurl will NOT verify peer certificate
LogInit:  - bUseHttpProxy = false  - Libcurl will NOT use HTTP proxy
LogInit:  - bDontReuseConnections = false  - Libcurl will reuse connections
LogInit:  - CertBundlePath = nullptr  - Libcurl will use whatever was configured at build time.
LogInit: Build: ++UE4+Release-4.16-CL-3561208
LogInit: Engine Version: 4.16.3-3561208+++UE4+Release-4.16
LogInit: Compatible Engine Version: 4.16.0-3452394+++UE4+Release-4.16
LogInit: Net CL: 3452394
LogDevObjectVersion: Number of dev versions registered: 16
LogDevObjectVersion:   Dev-Blueprints (B0D832E4-1F89-4F0D-ACCF-7EB736FD4AA2): 9
LogDevObjectVersion:   Dev-Build (E1C64328-A22C-4D53-A36C-8E866417BD8C): 0
LogDevObjectVersion:   Dev-Core (375EC13C-06E4-48FB-B500-84F0262A717E): 2
LogDevObjectVersion:   Dev-Editor (E4B068ED-F494-42E9-A231-DA0B2E46BB41): 17
LogDevObjectVersion:   Dev-Framework (CFFC743F-43B0-4480-9391-14DF171D2073): 23
LogDevObjectVersion:   Dev-Mobile (B02B49B5-BB20-44E9-A304-32B752E40360): 0
LogDevObjectVersion:   Dev-Networking (A4E4105C-59A1-49B5-A7C5-40C4547EDFEE): 0
LogDevObjectVersion:   Dev-Online (39C831C9-5AE6-47DC-9A44-9C173E1C8E7C): 0
LogDevObjectVersion:   Dev-Physics (78F01B33-EBEA-4F98-B9B4-84EACCB95AA2): 0
LogDevObjectVersion:   Dev-Platform (6631380F-2D4D-43E0-8009-CF276956A95A): 0
LogDevObjectVersion:   Dev-Rendering (12F88B9F-8875-4AFC-A67C-D90C383ABD29): 15
LogDevObjectVersion:   Dev-Sequencer (7B5AE74C-D270-4C10-A958-57980B212A5A): 4
LogDevObjectVersion:   Dev-VR (D7296918-1DD6-4BDD-9DE2-64A83CC13884): 0
LogDevObjectVersion:   Dev-LoadTimes (C2A15278-BFE7-4AFE-6C17-90FF531DF755): 1
LogDevObjectVersion:   Private-Geometry (6EACA3D4-40EC-4CC1-B786-8BED09428FC5): 1
LogDevObjectVersion:   Dev-AnimPhys (29E575DD-E0A3-4627-9D10-D276232CDCEA): 3
LogInit: Compiled (64-bit): Jul 28 2017 11:49:47
LogInit: Compiled with Visual C++: 19.00.24215.01
LogInit: Build Configuration: Development
LogInit: Branch Name: ++UE4+Release-4.16
LogInit: Command line:  
LogInit: Base directory: C:/Program Files/Epic Games/UE_4.16/Engine/Binaries/Win64/
LogInit: Installed Engine Build: 1
LogInit: Presizing for max 8388607 objects, including 0 objects not considered by GC, pre-allocating 0 bytes for permanent pool.
LogInit: Object subsystem initialized
[2018.01.22-16.46.54:311][  0]LogInit: Selected Device Profile: [Windows]
[2018.01.22-16.46.54:311][  0]LogInit: Applying CVar settings loaded from the selected device profile: [Windows]
[2018.01.22-16.46.54:394][  0]LogInit: Computer: TU45336
[2018.01.22-16.46.54:394][  0]LogInit: User: S6077803
[2018.01.22-16.46.54:394][  0]LogInit: CPU Page size=4096, Cores=6
[2018.01.22-16.46.54:394][  0]LogInit: High frequency timer resolution =3.410073 MHz
[2018.01.22-16.46.54:394][  0]LogMemory: Memory total: Physical=31.9GB (32GB approx)
[2018.01.22-16.46.54:394][  0]LogMemory: Platform Memory Stats for Windows
[2018.01.22-16.46.54:394][  0]LogMemory: Process Physical Memory: 274.17 MB used, 274.17 MB peak
[2018.01.22-16.46.54:394][  0]LogMemory: Process Virtual Memory: 267.59 MB used, 267.59 MB peak
[2018.01.22-16.46.54:394][  0]LogMemory: Physical Memory: 8280.75 MB used,  24403.41 MB free, 32684.16 MB total
[2018.01.22-16.46.54:394][  0]LogMemory: Virtual Memory: 634.49 MB used,  24403.41 MB free, 134217728.00 MB total
[2018.01.22-16.46.54:617][  0]LogInit: Using OS detected language (en-US).
[2018.01.22-16.46.54:617][  0]LogInit: Using OS detected locale (en-GB).
[2018.01.22-16.46.54:621][  0]LogTextLocalizationManager: No specific localization for 'en-US' exists, so the 'en' localization will be used.
[2018.01.22-16.46.56:614][  0]LogD3D11RHI: D3D11 adapters:
[2018.01.22-16.46.56:650][  0]LogD3D11RHI:    0. 'NVIDIA GeForce GTX 980 Ti' (Feature Level 11_0)
[2018.01.22-16.46.56:650][  0]LogD3D11RHI:       6102/0/16342 MB DedicatedVideo/DedicatedSystem/SharedSystem, Outputs:2, VendorId:0x10de
[2018.01.22-16.46.56:654][  0]LogD3D11RHI:    1. 'Microsoft Basic Render Driver' (Feature Level 11_0)
[2018.01.22-16.46.56:654][  0]LogD3D11RHI:       0/0/16342 MB DedicatedVideo/DedicatedSystem/SharedSystem, Outputs:0, VendorId:0x1414
[2018.01.22-16.46.56:655][  0]LogD3D11RHI: Chosen D3D11 Adapter: 0
[2018.01.22-16.46.56:661][  0]LogD3D11RHI: Creating new Direct3DDevice
[2018.01.22-16.46.56:661][  0]LogD3D11RHI:     GPU DeviceId: 0x17c8 (for the marketing name, search the web for "GPU Device Id")
[2018.01.22-16.46.56:661][  0]LogWindows: EnumDisplayDevices:
[2018.01.22-16.46.56:662][  0]LogWindows:    0. 'NVIDIA GeForce GTX 980 Ti' (P:1 D:1)
[2018.01.22-16.46.56:662][  0]LogWindows:    1. 'NVIDIA GeForce GTX 980 Ti' (P:0 D:1)
[2018.01.22-16.46.56:662][  0]LogWindows:    2. 'NVIDIA GeForce GTX 980 Ti' (P:0 D:0)
[2018.01.22-16.46.56:662][  0]LogWindows:    3. 'NVIDIA GeForce GTX 980 Ti' (P:0 D:0)
[2018.01.22-16.46.56:662][  0]LogWindows: DebugString: FoundDriverCount:4 
[2018.01.22-16.46.56:662][  0]LogD3D11RHI:     Adapter Name: NVIDIA GeForce GTX 980 Ti
[2018.01.22-16.46.56:663][  0]LogD3D11RHI:   Driver Version: 376.53 (internal:21.21.13.7653, unified:376.53)
[2018.01.22-16.46.56:663][  0]LogD3D11RHI:      Driver Date: 12-29-2016
[2018.01.22-16.46.56:663][  0]LogRHI: Texture pool is 1361 MB (70% of 1945 MB)
[2018.01.22-16.46.56:693][  0]LogD3D11RHI: Async texture creation enabled
[2018.01.22-16.46.56:718][  0]LogD3D11RHI: GPU Timing Frequency: 1000.000000 (Debug: 2 1)
[2018.01.22-16.46.56:891][  0]LogShaderCompilers: Guid format shader working directory is -22 characters bigger than the processId version (F:/University/Year 2/ICA 2 - Journeyman/Unreal Files/JMan1_Borderlandsy/Intermediate/Shaders/WorkingDirectory/9856/).
[2018.01.22-16.46.56:892][  0]LogShaderCompilers: Cleaned the shader compiler working directory 'C:/Users/S6077803/AppData/Local/Temp/UnrealShaderWorkingDir/004FFCE94B16C867CF7543977EEBBDD2/'.
[2018.01.22-16.46.56:892][  0]LogShaderCompilers:Display: Using Local Shader Compiler.
[2018.01.22-16.47.00:337][  0]LogTemp:Display: Loaded TP AllDesktopTargetPlatform
[2018.01.22-16.47.00:479][  0]LogTemp:Display: Loaded TP MacClientTargetPlatform
[2018.01.22-16.47.00:613][  0]LogTemp:Display: Loaded TP MacNoEditorTargetPlatform
[2018.01.22-16.47.00:748][  0]LogTemp:Display: Loaded TP MacServerTargetPlatform
[2018.01.22-16.47.00:882][  0]LogTemp:Display: Loaded TP MacTargetPlatform
[2018.01.22-16.47.01:019][  0]LogTemp:Display: Loaded TP WindowsClientTargetPlatform
[2018.01.22-16.47.01:153][  0]LogTemp:Display: Loaded TP WindowsNoEditorTargetPlatform
[2018.01.22-16.47.01:290][  0]LogTemp:Display: Loaded TP WindowsServerTargetPlatform
[2018.01.22-16.47.01:419][  0]LogTemp:Display: Loaded TP WindowsTargetPlatform
[2018.01.22-16.47.01:550][  0]LogTemp:Display: Loaded TP AndroidTargetPlatform
[2018.01.22-16.47.01:682][  0]LogTemp:Display: Loaded TP Android_ASTCTargetPlatform
[2018.01.22-16.47.01:813][  0]LogTemp:Display: Loaded TP Android_ATCTargetPlatform
[2018.01.22-16.47.01:949][  0]LogTemp:Display: Loaded TP Android_DXTTargetPlatform
[2018.01.22-16.47.02:081][  0]LogTemp:Display: Loaded TP Android_ETC1TargetPlatform
[2018.01.22-16.47.02:211][  0]LogTemp:Display: Loaded TP Android_ETC2TargetPlatform
[2018.01.22-16.47.02:472][  0]LogTemp:Display: Loaded TP Android_MultiTargetPlatform
[2018.01.22-16.47.02:472][  0]LogTemp:Display: Loaded TP Android_PVRTCTargetPlatform
[2018.01.22-16.47.02:591][  0]LogTemp:Display: Loaded TP HTML5TargetPlatform
[2018.01.22-16.47.02:818][  0]LogTemp:Display: Loaded TP IOSTargetPlatform
[2018.01.22-16.47.02:905][  0]LogTemp:Display: Loaded TP TVOSTargetPlatform
[2018.01.22-16.47.03:034][  0]LogTemp:Display: Loaded TP LinuxClientTargetPlatform
[2018.01.22-16.47.03:163][  0]LogTemp:Display: Loaded TP LinuxNoEditorTargetPlatform
[2018.01.22-16.47.03:289][  0]LogTemp:Display: Loaded TP LinuxServerTargetPlatform
[2018.01.22-16.47.03:420][  0]LogTemp:Display: Loaded TP LinuxTargetPlatform
[2018.01.22-16.47.03:420][  0]LogTargetPlatformManager:Display: Building Assets For Windows
[2018.01.22-16.47.04:964][  0]LogDerivedDataCache:Display: Max Cache Size: 512 MB
[2018.01.22-16.47.04:964][  0]LogDerivedDataCache:Display: Starting with empty Boot cache
[2018.01.22-16.47.04:964][  0]LogDerivedDataCache: FDerivedDataBackendGraph:  Pak pak cache file F:/University/Year 2/ICA 2 - Journeyman/Unreal Files/JMan1_Borderlandsy/DerivedDataCache/DDC.ddp not found, will not use a pak cache.
[2018.01.22-16.47.04:964][  0]LogDerivedDataCache: Unable to find inner node Pak for hierarchical cache Hierarchy.
[2018.01.22-16.47.04:964][  0]LogDerivedDataCache: FDerivedDataBackendGraph:  CompressedPak pak cache file F:/University/Year 2/ICA 2 - Journeyman/Unreal Files/JMan1_Borderlandsy/DerivedDataCache/Compressed.ddp not found, will not use a pak cache.
[2018.01.22-16.47.04:964][  0]LogDerivedDataCache: Unable to find inner node CompressedPak for hierarchical cache Hierarchy.
[2018.01.22-16.47.04:980][  0]LogDerivedDataCache:Display: Pak cache opened for reading ../../../Engine/DerivedDataCache/Compressed.ddp.
[2018.01.22-16.47.04:992][  0]LogDerivedDataCache: Using Local data cache path C:/Users/S6077803/AppData/Local/UnrealEngine/Common/DerivedDataCache: Writable
[2018.01.22-16.47.05:009][  0]LogMaterial: Verifying Global Shaders for PCD3D_SM5
[2018.01.22-16.47.05:009][  0]LogSlate: Using Freetype 2.6.0
[2018.01.22-16.47.05:010][  0]LogSlate: SlateFontCache - WITH_FREETYPE: 1, WITH_HARFBUZZ: 1
[2018.01.22-16.47.05:010][  0]LogSlate: SlateFontCache - WITH_FREETYPE: 1, WITH_HARFBUZZ: 1
[2018.01.22-16.47.05:691][  0]LogInit: Selected Device Profile: [Windows]
[2018.01.22-16.47.05:984][  0]LogContentStreaming: Texture pool size is 0.00 MB
[2018.01.22-16.47.06:371][  0]LogMeshUtilities: Using QuadricMeshReduction for automatic static mesh reduction
[2018.01.22-16.47.06:515][  0]LogSimplygon: Simplygon DLL not present - disabling.
[2018.01.22-16.47.06:651][  0]LogMeshUtilities: Using SimplygonSwarm for distributed automatic mesh merging
[2018.01.22-16.47.06:651][  0]LogMeshUtilities: No automatic skeletal mesh reduction module available
[2018.01.22-16.47.06:651][  0]LogMeshUtilities: No automatic mesh merging module available
[2018.01.22-16.47.08:547][  0]LogNetVersion: Borderlandsy , NetCL: 3452394, EngineNetVer: 2, GameNetVer: 0 (Checksum: 504114346)
[2018.01.22-16.47.08:703][  0]LogAssetRegistry: FAssetRegistry took 0.0282 seconds to start up
[2018.01.22-16.47.10:018][  0]LogPackageLocalizationCache: Processed 4 localized package path(s) for 2 prioritized culture(s) in 1.236328 seconds
[2018.01.22-16.47.10:024][  0]LogUObjectArray: 34194 objects as part of root set at end of initial load.
[2018.01.22-16.47.10:024][  0]LogUObjectAllocator: 7260424 out of 0 bytes used by permanent object pool.
[2018.01.22-16.47.10:024][  0]LogUObjectArray: CloseDisregardForGC: 0/0 objects in disregard for GC pool
[2018.01.22-16.47.10:255][  0]LogInit: WinSock: version 1.1 (2.2), MaxSocks=32767, MaxUdp=65467
[2018.01.22-16.47.17:723][  0]LogTcpMessaging: Initializing TcpMessaging bridge
[2018.01.22-16.47.17:825][  0]LogUdpMessaging: Initializing bridge on interface 0.0.0.0:0 to multicast group 230.0.0.1:6666.
[2018.01.22-16.47.19:237][  0]LogMaterial: Uniform references updated for custom material expression Custom.
[2018.01.22-16.47.20:367][  0]SourceControl: Info Source control is disabled
[2018.01.22-16.47.20:369][  0]SourceControl: Info Source control is disabled
[2018.01.22-16.47.20:512][  0]SourceControl: Info Source control is disabled
[2018.01.22-16.47.20:644][  0]SourceControl: Info Source control is disabled
[2018.01.22-16.47.22:629][  0]LogAndroidPermission: UAndroidPermissionCallbackProxy::GetInstance
[2018.01.22-16.47.24:220][  0]LogEngine: Initializing Engine...
[2018.01.22-16.47.24:224][  0]LogHMD: Failed to initialize OpenVR with code 110
[2018.01.22-16.47.25:035][  0]LogStats: UGameplayTagsManager::ConstructGameplayTagTree: Construct from data asset -  0.000 s
[2018.01.22-16.47.25:035][  0]LogStats: UGameplayTagsManager::ConstructGameplayTagTree: GameplayTagTreeChangedEvent.Broadcast -  0.000 s
[2018.01.22-16.47.25:427][  0]LogAIModule: Creating AISystem for world Untitled
[2018.01.22-16.47.25:455][  0]LogInit: XAudio2 using 'Speakers (Realtek High Definition Audio)' : 2 channels at 48 kHz using 32 bits per sample (channel mask 0x3)
[2018.01.22-16.47.25:483][  0]LogInit: FAudioDevice initialized.
[2018.01.22-16.47.25:484][  0]LogDerivedDataCache:Error: Could not save memory cache C:/Users/S6077803/AppData/Local/UnrealEngine/4.16/DerivedDataCache/Boot.ddc.
[2018.01.22-16.47.25:490][  0]LogInit: Texture streaming: Enabled
[2018.01.22-16.47.25:820][  0]LogEngineSessionManager: EngineSessionManager initialized
[2018.01.22-16.47.26:661][  0]LogInit: Transaction tracking system initialized
[2018.01.22-16.47.27:626][  0]BlueprintLog: New page: Editor Load
[2018.01.22-16.47.30:596][  0]LocalizationService: Info Localization service is disabled
[2018.01.22-16.47.32:868][  0]LogConsoleResponse:Display: 
[2018.01.22-16.47.33:390][  0]LogCook:Display: Max memory allowance for cook 16384mb min free memory 0mb
[2018.01.22-16.47.33:391][  0]LogCook:Display: Mobile HDR setting 1
[2018.01.22-16.47.33:491][  0]LogFileCache: Scanning file cache for directory 'F:/University/Year 2/ICA 2 - Journeyman/Unreal Files/JMan1_Borderlandsy/Content/' took 0.05s
[2018.01.22-16.47.36:637][  0]SourceControl: Info Source control is disabled
[2018.01.22-16.47.36:638][  0]Cmd: MAP LOAD FILE="F:/University/Year 2/ICA 2 - Journeyman/Unreal Files/JMan1_Borderlandsy/Content/FirstPersonBP/Maps/FirstPersonExampleMap.umap" TEMPLATE=0 SHOWPROGRESS=1 FEATURELEVEL=3
[2018.01.22-16.47.36:700][  0]LightingResults: New page: Lighting Build
[2018.01.22-16.47.36:829][  0]MapCheck: New page: Map Check
[2018.01.22-16.47.36:829][  0]LightingResults: New page: Lighting Build
[2018.01.22-16.47.41:676][  0]LogTexture:Display: Building textures: T_BasicGrid_N (BC5, 1024X1024)
[2018.01.22-16.47.41:755][  0]LogTexture:Display: Building textures: T_BasicGrid_M (BGRA8, 512X512)
[2018.01.22-16.47.41:774][  0]LogMaterial: Missing cached shader map for material M_Base3, compiling. 
[2018.01.22-16.47.41:854][  0]LogStaticMesh: Building static mesh SM_Box...
[2018.01.22-16.47.41:856][  0]LogStaticMesh: Built static mesh [0.00s] /Game/Geometry/LevelGeometry/SM_Box.SM_Box
[2018.01.22-16.47.41:866][  0]LogTexture:Display: Building textures: SirenHead_Nrm (BC5, 512X512)
[2018.01.22-16.47.41:981][  0]LogTexture:Display: Building textures: HQ_Lightmap1_1 (AutoDXT, 2048X2048)
[2018.01.22-16.47.42:363][  0]LogTexture:Display: Building textures: HQ_Lightmap1_2 (AutoDXT, 128X128)
[2018.01.22-16.47.42:382][  0]LogTexture:Display: Building textures: HQ_Lightmap1_3 (AutoDXT, 128X128)
[2018.01.22-16.47.42:384][  0]LogTexture:Display: Building textures: HQ_Lightmap1_4 (AutoDXT, 64X64)
[2018.01.22-16.47.42:420][  0]LogTexture:Display: Building textures: LQ_Lightmap_1_1 (DXT1, 2048X2048)
[2018.01.22-16.47.42:584][  0]LogTexture:Display: Building textures: LQ_Lightmap_1_2 (DXT1, 128X128)
[2018.01.22-16.47.42:601][  0]LogTexture:Display: Building textures: LQ_Lightmap_1_3 (DXT1, 128X128)
[2018.01.22-16.47.42:604][  0]LogTexture:Display: Building textures: LQ_Lightmap_1_4 (DXT1, 64X64)
[2018.01.22-16.47.42:630][  0]LogTexture:Display: Building textures: SkyOcclusion1_1 (AutoDXT, 2048X1024)
[2018.01.22-16.47.42:775][  0]LogTexture:Display: Building textures: SkyOcclusion1_2 (AutoDXT, 128X64)
[2018.01.22-16.47.42:789][  0]LogTexture:Display: Building textures: SkyOcclusion1_3 (AutoDXT, 128X64)
[2018.01.22-16.47.42:795][  0]LogTexture:Display: Building textures: SkyOcclusion1_4 (AutoDXT, 64X32)
[2018.01.22-16.47.42:799][  0]LogTexture:Display: Building textures: ShadowMapTexture2D_10 (G8, 128X64)
[2018.01.22-16.47.42:800][  0]LogTexture:Display: Building textures: ShadowMapTexture2D_11 (G8, 64X64)
[2018.01.22-16.47.42:801][  0]LogTexture:Display: Building textures: ShadowMapTexture2D_12 (G8, 32X32)
[2018.01.22-16.47.42:808][  0]LogTexture:Display: Building textures: ShadowMapTexture2D_8 (G8, 1024X1024)
[2018.01.22-16.47.42:849][  0]LogTexture:Display: Building textures: ShadowMapTexture2D_9 (G8, 1024X1024)
[2018.01.22-16.47.42:891][  0]LogTexture:Display: Building textures: SirenHead_Msk (AutoDXT, 512X512)
[2018.01.22-16.47.42:955][  0]LogTexture:Display: Building textures: SirenHead_Dif (AutoDXT, 512X512)
[2018.01.22-16.47.43:036][  0]LogMaterial: Missing cached shader map for material Material__25, compiling. 
[2018.01.22-16.47.43:202][  0]LogTexture:Display: Building textures: SirenBody_Nrm (BC5, 512X512)
[2018.01.22-16.47.43:253][  0]LogTexture:Display: Building textures: SirenBody_Msk (AutoDXT, 1024X1024)
[2018.01.22-16.47.43:448][  0]LogAnimationCompression: Building Anim DDC data for AnimSequence /Game/CustomContent/Characters/Test-Siren/Animations/Aim_Space_Ironsights.Aim_Space_Ironsights
[2018.01.22-16.47.43:569][  0]LogAnimationCompression: Building Anim DDC data for AnimSequence /Game/CustomContent/Characters/Mannequin/Animations/Walk_Rt_Rifle_Ironsights.Walk_Rt_Rifle_Ironsights
[2018.01.22-16.47.43:573][  0]LogAnimationCompression: Building Anim DDC data for AnimSequence /Game/CustomContent/Characters/Mannequin/Animations/Walk_Lt_Rifle_Ironsights.Walk_Lt_Rifle_Ironsights
[2018.01.22-16.47.43:577][  0]LogAnimationCompression: Building Anim DDC data for AnimSequence /Game/CustomContent/Characters/Mannequin/Animations/Walk_Fwd_Rifle_Ironsights.Walk_Fwd_Rifle_Ironsights
[2018.01.22-16.47.43:581][  0]LogAnimationCompression: Building Anim DDC data for AnimSequence /Game/CustomContent/Characters/Mannequin/Animations/Walk_Bwd_Rifle_Ironsights.Walk_Bwd_Rifle_Ironsights
[2018.01.22-16.47.43:585][  0]LogAnimationCompression: Building Anim DDC data for AnimSequence /Game/CustomContent/Characters/Mannequin/Animations/Idle_Rifle_Ironsights.Idle_Rifle_Ironsights
[2018.01.22-16.47.43:601][  0]LogAnimationCompression: Building Anim DDC data for AnimSequence /Game/CustomContent/Characters/Mannequin/Animations/Walk_Rt_Rifle_Hip.Walk_Rt_Rifle_Hip
[2018.01.22-16.47.43:605][  0]LogAnimationCompression: Building Anim DDC data for AnimSequence /Game/CustomContent/Characters/Mannequin/Animations/Walk_Lt_Rifle_Hip.Walk_Lt_Rifle_Hip
[2018.01.22-16.47.43:611][  0]LogAnimationCompression: Building Anim DDC data for AnimSequence /Game/CustomContent/Characters/Mannequin/Animations/Walk_Fwd_Rifle_Hip.Walk_Fwd_Rifle_Hip
[2018.01.22-16.47.43:617][  0]LogAnimationCompression: Building Anim DDC data for AnimSequence /Game/CustomContent/Characters/Mannequin/Animations/Walk_Bwd_Rifle_Hip.Walk_Bwd_Rifle_Hip
[2018.01.22-16.47.43:622][  0]LogAnimationCompression: Building Anim DDC data for AnimSequence /Game/CustomContent/Characters/Mannequin/Animations/Jog_Rt_Rifle.Jog_Rt_Rifle
[2018.01.22-16.47.43:626][  0]LogAnimationCompression: Building Anim DDC data for AnimSequence /Game/CustomContent/Characters/Mannequin/Animations/Jog_Lt_Rifle.Jog_Lt_Rifle
[2018.01.22-16.47.43:630][  0]LogAnimationCompression: Building Anim DDC data for AnimSequence /Game/CustomContent/Characters/Mannequin/Animations/Jog_Fwd_Rifle.Jog_Fwd_Rifle
[2018.01.22-16.47.43:634][  0]LogAnimationCompression: Building Anim DDC data for AnimSequence /Game/CustomContent/Characters/Mannequin/Animations/Jog_Bwd_Rifle.Jog_Bwd_Rifle
[2018.01.22-16.47.43:638][  0]LogAnimationCompression: Building Anim DDC data for AnimSequence /Game/CustomContent/Characters/Mannequin/Animations/Idle_Rifle_Hip_2.Idle_Rifle_Hip_2
[2018.01.22-16.47.43:652][  0]LogAnimationCompression: Building Anim DDC data for AnimSequence /Game/CustomContent/Characters/Mannequin/Animations/ThirdPersonJump_End.ThirdPersonJump_End
[2018.01.22-16.47.43:854][  0]LogTexture:Display: Building textures: SirenBody_Dif (AutoDXT, 1024X1024)
[2018.01.22-16.47.44:046][  0]LogMaterial: Missing cached shader map for material _CHARACTER_MayaMati_Siren_Body, compiling. 
[2018.01.22-16.47.44:200][  0]LogAnimationCompression: Building Anim DDC data for AnimSequence /Game/CustomContent/Characters/Mannequin/Animations/Aim_Space_Ironsights.Aim_Space_Ironsights
[2018.01.22-16.47.44:619][  0]LogAIModule: Creating AISystem for world FirstPersonExampleMap
[2018.01.22-16.47.44:651][  0]LogEditorServer: Finished looking for orphan Actors (0.000 secs)
[2018.01.22-16.47.44:675][  0]Cmd: MAP CHECKDEP NOCLEARLOG
[2018.01.22-16.47.44:795][  0]MapCheck: Info Map check complete: 0 Error(s), 0 Warning(s), took 119.772ms to complete.
[2018.01.22-16.47.44:795][  0]LogFileHelpers: Loading map 'FirstPersonExampleMap' took 8.158
[2018.01.22-16.47.45:205][  0]LogCollectionManager: Loaded 0 collections in 0.002486 seconds
[2018.01.22-16.47.45:479][  0]LogFileCache: Scanning file cache for directory 'F:/University/Year 2/ICA 2 - Journeyman/Unreal Files/JMan1_Borderlandsy/Saved/Collections/' took 0.01s
[2018.01.22-16.47.45:479][  0]LogFileCache: Scanning file cache for directory 'F:/University/Year 2/ICA 2 - Journeyman/Unreal Files/JMan1_Borderlandsy/Content/Developers/S6077803/Collections/' took 0.01s
[2018.01.22-16.47.45:479][  0]LogFileCache: Scanning file cache for directory 'F:/University/Year 2/ICA 2 - Journeyman/Unreal Files/JMan1_Borderlandsy/Content/Collections/' took 0.01s
[2018.01.22-16.47.45:479][  0]LogCollectionManager: Rebuilt the GUID cache for 0 collections in 0.000003 seconds
[2018.01.22-16.47.45:497][  0]LogContentBrowser: Native class hierarchy populated in 0.0163 seconds. Added 2329 classes and 491 folders.
[2018.01.22-16.47.45:853][  0]LogContentBrowser: Native class hierarchy updated for 'WidgetCarousel' in 0.0011 seconds. Added 0 classes and 0 folders.
[2018.01.22-16.47.46:391][  0]LogContentBrowser: Native class hierarchy updated for 'AddContentDialog' in 0.0011 seconds. Added 0 classes and 0 folders.
[2018.01.22-16.47.46:612][  0]LogContentBrowser: Native class hierarchy updated for 'SceneOutliner' in 0.0011 seconds. Added 1 classes and 2 folders.
[2018.01.22-16.47.46:842][  0]LogCrashTracker: Crashtracker disabled due to settings.
[2018.01.22-16.47.46:862][  0]LogSlate: Took 0.007479 seconds to synchronously load lazily loaded font '../../../Engine/Content/Slate/Fonts/Roboto-Regular.ttf' (155K)
[2018.01.22-16.47.46:874][  0]LogSlate: Took 0.008478 seconds to synchronously load lazily loaded font '../../../Engine/Content/Slate/Fonts/Roboto-Bold.ttf' (160K)
[2018.01.22-16.47.46:891][  0]LogSlate: Took 0.008615 seconds to synchronously load lazily loaded font '../../../Engine/Content/Editor/Slate/Fonts/FontAwesome.ttf' (139K)
[2018.01.22-16.47.47:141][  0]LogRenderer: Reallocating scene render targets to support 1208x652 NumSamples 1 (Frame:1).
[2018.01.22-16.47.53:285][  0]LogContentBrowser: Native class hierarchy updated for 'HierarchicalLODOutliner' in 0.0012 seconds. Added 1 classes and 2 folders.
[2018.01.22-16.47.53:286][  0]LogLoad: (Engine Initialization) Total time: 62.45 seconds
[2018.01.22-16.47.53:286][  0]LogLoad: (Engine Initialization) Total Blueprint compile time: 0.38 seconds
[2018.01.22-16.47.53:286][  0]LogExternalProfiler: No external profilers were discovered.  External profiling features will not be available.
[2018.01.22-16.47.53:625][  0]LogWindowsTextInputMethodSystem:Display: IME system now deactivated.
[2018.01.22-16.47.53:631][  0]LogOcInput: OculusInput pre-init called
[2018.01.22-16.47.53:631][  0]LogHMD: Starting GearVRController plugin
[2018.01.22-16.47.53:652][  0]LogContentStreaming: Texture pool size now 1000 MB
[2018.01.22-16.47.53:736][  0]LogSlate: Took 0.007236 seconds to synchronously load lazily loaded font '../../../Engine/Content/Slate/Fonts/Roboto-Light.ttf' (159K)
[2018.01.22-16.47.53:975][  1]LogAssetRegistry: Asset discovery search completed in 45.2953 seconds
[2018.01.22-16.47.53:979][  1]LogCollectionManager: Rebuilt the object cache for 0 collections in 0.000001 seconds (found 0 objects)
[2018.01.22-16.47.53:979][  1]LogCollectionManager: Fixed up redirectors for 0 collections in 0.000070 seconds (updated 0 objects)
[2018.01.22-16.48.07:145][ 41]LogSynthBenchmark:Display: FSynthBenchmark (V0.95):  requested WorkScale=5.00
[2018.01.22-16.48.07:145][ 41]LogSynthBenchmark:Display: ===============
[2018.01.22-16.48.07:145][ 41]LogSynthBenchmark:Display: Main Processor:
[2018.01.22-16.48.07:381][ 41]LogSynthBenchmark:Display:          ... 0.026151 s/Run 'RayIntersect'
[2018.01.22-16.48.07:381][ 41]LogSynthBenchmark:Display:          ... 0.021026 s/Run 'Fractal'
[2018.01.22-16.48.07:381][ 41]LogSynthBenchmark:Display: 
[2018.01.22-16.48.07:381][ 41]LogSynthBenchmark:Display:   CompiledTarget_x_Bits: 64
[2018.01.22-16.48.07:381][ 41]LogSynthBenchmark:Display:   UE_BUILD_SHIPPING: 0
[2018.01.22-16.48.07:381][ 41]LogSynthBenchmark:Display:   UE_BUILD_TEST: 0
[2018.01.22-16.48.07:381][ 41]LogSynthBenchmark:Display:   UE_BUILD_DEBUG: 0
[2018.01.22-16.48.07:381][ 41]LogSynthBenchmark:Display:   TotalPhysicalGBRam: 32
[2018.01.22-16.48.07:381][ 41]LogSynthBenchmark:Display:   NumberOfCores (physical): 6
[2018.01.22-16.48.07:381][ 41]LogSynthBenchmark:Display:   NumberOfCores (logical): 12
[2018.01.22-16.48.07:381][ 41]LogSynthBenchmark:Display:   CPU Perf Index 0: 97.9 (weight 1.00)
[2018.01.22-16.48.07:381][ 41]LogSynthBenchmark:Display:   CPU Perf Index 1: 136.0 (weight 1.50)
[2018.01.22-16.48.07:381][ 41]LogSynthBenchmark:Display:  
[2018.01.22-16.48.07:381][ 41]LogSynthBenchmark:Display: Graphics:
[2018.01.22-16.48.07:381][ 41]LogSynthBenchmark:Display:   Adapter Name: 'NVIDIA GeForce GTX 980 Ti'
[2018.01.22-16.48.07:381][ 41]LogSynthBenchmark:Display:   (On Optimus the name might be wrong, memory should be ok)
[2018.01.22-16.48.07:381][ 41]LogSynthBenchmark:Display:   Vendor Id: 0x10DE
[2018.01.22-16.48.07:381][ 41]LogSynthBenchmark:Display:   Device Id: 0x17C8
[2018.01.22-16.48.07:381][ 41]LogSynthBenchmark:Display:   Device Revision: 0xA1
[2018.01.22-16.48.07:381][ 41]LogSynthBenchmark:Display:   GPU Memory: 6103/0/16343 MB
[2018.01.22-16.48.07:468][ 41]LogSynthBenchmark:Display:   GPU first test: 0.01s
[2018.01.22-16.48.07:468][ 41]LogSynthBenchmark:Display:          ... 9.068 s/GigaPix, Confidence=100% 'ALUHeavyNoise' (likely to be very inaccurate)
[2018.01.22-16.48.07:468][ 41]LogSynthBenchmark:Display:          ... 8.251 s/GigaPix, Confidence=100% 'TexHeavy' (likely to be very inaccurate)
[2018.01.22-16.48.07:468][ 41]LogSynthBenchmark:Display:          ... 6.235 s/GigaPix, Confidence=100% 'DepTexHeavy' (likely to be very inaccurate)
[2018.01.22-16.48.07:468][ 41]LogSynthBenchmark:Display:          ... 23.195 s/GigaPix, Confidence=100% 'FillOnly' (likely to be very inaccurate)
[2018.01.22-16.48.07:468][ 41]LogSynthBenchmark:Display:          ... 1.230 s/GigaPix, Confidence=89% 'Bandwidth' (likely to be very inaccurate)
[2018.01.22-16.48.07:468][ 41]LogSynthBenchmark:Display:          ... 35.546 s/GigaVert, Confidence=11% 'VertThroughPut1' (likely to be very inaccurate)
[2018.01.22-16.48.07:468][ 41]LogSynthBenchmark:Display:          ... 5.602 s/GigaVert, Confidence=100% 'VertThroughPut2' (likely to be very inaccurate)
[2018.01.22-16.48.07:614][ 41]LogSynthBenchmark:Display:   GPU second test: 0.08s
[2018.01.22-16.48.07:614][ 41]LogSynthBenchmark:Display:          ... 14.526 s/GigaPix, Confidence=100% 'ALUHeavyNoise' (likely to be inaccurate)
[2018.01.22-16.48.07:614][ 41]LogSynthBenchmark:Display:          ... 11.901 s/GigaPix, Confidence=100% 'TexHeavy' (likely to be inaccurate)
[2018.01.22-16.48.07:614][ 41]LogSynthBenchmark:Display:          ... 10.317 s/GigaPix, Confidence=89% 'DepTexHeavy' (likely to be inaccurate)
[2018.01.22-16.48.07:614][ 41]LogSynthBenchmark:Display:          ... 50.306 s/GigaPix, Confidence=89% 'FillOnly' (likely to be inaccurate)
[2018.01.22-16.48.07:614][ 41]LogSynthBenchmark:Display:          ... 1.372 s/GigaPix, Confidence=100% 'Bandwidth' (likely to be inaccurate)
[2018.01.22-16.48.07:614][ 41]LogSynthBenchmark:Display:          ... 5.519 s/GigaVert, Confidence=100% 'VertThroughPut1' (likely to be inaccurate)
[2018.01.22-16.48.07:614][ 41]LogSynthBenchmark:Display:          ... 4.356 s/GigaVert, Confidence=100% 'VertThroughPut2' (likely to be inaccurate)
[2018.01.22-16.48.08:437][ 41]LogSynthBenchmark:Display:   GPU third test: 0.75s
[2018.01.22-16.48.08:437][ 41]LogSynthBenchmark:Display:          ... 17.844 s/GigaPix, Confidence=89% 'ALUHeavyNoise'
[2018.01.22-16.48.08:437][ 41]LogSynthBenchmark:Display:          ... 13.396 s/GigaPix, Confidence=100% 'TexHeavy'
[2018.01.22-16.48.08:437][ 41]LogSynthBenchmark:Display:          ... 12.524 s/GigaPix, Confidence=100% 'DepTexHeavy'
[2018.01.22-16.48.08:437][ 41]LogSynthBenchmark:Display:          ... 67.171 s/GigaPix, Confidence=89% 'FillOnly'
[2018.01.22-16.48.08:437][ 41]LogSynthBenchmark:Display:          ... 1.570 s/GigaPix, Confidence=100% 'Bandwidth'
[2018.01.22-16.48.08:437][ 41]LogSynthBenchmark:Display:          ... 4.649 s/GigaVert, Confidence=100% 'VertThroughPut1'
[2018.01.22-16.48.08:437][ 41]LogSynthBenchmark:Display:          ... 4.857 s/GigaVert, Confidence=100% 'VertThroughPut2'
[2018.01.22-16.48.08:437][ 41]LogSynthBenchmark:Display:   GPU Final Results:
[2018.01.22-16.48.08:437][ 41]LogSynthBenchmark:Display:          ... 17.844 s/GigaPix, Confidence=89% 'ALUHeavyNoise'
[2018.01.22-16.48.08:437][ 41]LogSynthBenchmark:Display:          ... 13.396 s/GigaPix, Confidence=100% 'TexHeavy'
[2018.01.22-16.48.08:437][ 41]LogSynthBenchmark:Display:          ... 12.524 s/GigaPix, Confidence=100% 'DepTexHeavy'
[2018.01.22-16.48.08:437][ 41]LogSynthBenchmark:Display:          ... 67.171 s/GigaPix, Confidence=89% 'FillOnly'
[2018.01.22-16.48.08:437][ 41]LogSynthBenchmark:Display:          ... 1.570 s/GigaPix, Confidence=100% 'Bandwidth'
[2018.01.22-16.48.08:437][ 41]LogSynthBenchmark:Display:          ... 4.649 s/GigaVert, Confidence=100% 'VertThroughPut1'
[2018.01.22-16.48.08:437][ 41]LogSynthBenchmark:Display:          ... 4.857 s/GigaVert, Confidence=100% 'VertThroughPut2'
[2018.01.22-16.48.08:437][ 41]LogSynthBenchmark:Display: 
[2018.01.22-16.48.08:437][ 41]LogSynthBenchmark:Display:   GPU Perf Index 0: 387.8 (weight 1.00)
[2018.01.22-16.48.08:437][ 41]LogSynthBenchmark:Display:   GPU Perf Index 1: 179.9 (weight 0.10)
[2018.01.22-16.48.08:437][ 41]LogSynthBenchmark:Display:   GPU Perf Index 2: 325.6 (weight 0.10)
[2018.01.22-16.48.08:437][ 41]LogSynthBenchmark:Display:   GPU Perf Index 3: 263.8 (weight 3.00)
[2018.01.22-16.48.08:437][ 41]LogSynthBenchmark:Display:   GPU Perf Index 4: 146.5 (weight 1.00)
[2018.01.22-16.48.08:437][ 41]LogSynthBenchmark:Display:   GPU Perf Index 5: 302.5 (weight 0.00)
[2018.01.22-16.48.08:437][ 41]LogSynthBenchmark:Display:   GPU Perf Index 6: 274.9 (weight 0.00)
[2018.01.22-16.48.08:437][ 41]LogSynthBenchmark:Display:   CPUIndex: 120.8
[2018.01.22-16.48.08:437][ 41]LogSynthBenchmark:Display:   GPUIndex: 264.7
[2018.01.22-16.48.08:437][ 41]LogSynthBenchmark:Display: 
[2018.01.22-16.48.08:437][ 41]LogSynthBenchmark:Display:          ... Total Time: 1.291976 sec
[2018.01.22-16.48.08:445][ 41]LogWindows: FWindowsPlatformSurvey::TickSurveyHardware() WinSAT assessment unavailable. Unable to examine some hardware metrics. Run the Windows Experience Index Assessment.
[2018.01.22-16.52.21:863][869]LogTemp: Repeting last play command: Selected Viewport
[2018.01.22-16.52.22:406][869]LogBlueprintUserMessages: Early PlayInEditor Detection: Level '/Game/FirstPersonBP/Maps/FirstPersonExampleMap.FirstPersonExampleMap:PersistentLevel' has LevelScriptBlueprint '/Game/FirstPersonBP/Maps/FirstPersonExampleMap.FirstPersonExampleMap:PersistentLevel.FirstPersonExampleMap' with GeneratedClass '/Game/FirstPersonBP/Maps/FirstPersonExampleMap.FirstPersonExampleMap_C' with ClassGeneratedBy '/Game/FirstPersonBP/Maps/FirstPersonExampleMap.FirstPersonExampleMap:PersistentLevel.FirstPersonExampleMap'
[2018.01.22-16.52.22:406][869]BlueprintLog: New page: Pre-Play auto-recompile
[2018.01.22-16.52.22:406][869]LogPlayLevel: [PlayLevel] Compiling PlayerBase before play...
[2018.01.22-16.52.22:468][869]LogPlayLevel: [PlayLevel]   Compiling CharacterAnimationBP as a dependent...
[2018.01.22-16.52.22:621][869]LogPlayLevel: PlayLevel: Blueprint regeneration took 214 ms (2 blueprints)
[2018.01.22-16.52.22:622][869]PIE: New page: PIE session: FirstPersonExampleMap (22 Jan 2018 16:52:22)
[2018.01.22-16.52.22:622][869]LogPlayLevel: Creating play world package: /Game/FirstPersonBP/Maps/UEDPIE_0_FirstPersonExampleMap
[2018.01.22-16.52.22:644][869]LogPlayLevel: PIE: StaticDuplicateObject took: (0.022251s)
[2018.01.22-16.52.22:645][869]LogAIModule: Creating AISystem for world FirstPersonExampleMap
[2018.01.22-16.52.22:645][869]LogPlayLevel: PIE: World Init took: (0.001171s)
[2018.01.22-16.52.22:646][869]LogPlayLevel: PIE: Created PIE world by copying editor world from /Game/FirstPersonBP/Maps/FirstPersonExampleMap.FirstPersonExampleMap to /Game/FirstPersonBP/Maps/UEDPIE_0_FirstPersonExampleMap.FirstPersonExampleMap (0.023666s)
[2018.01.22-16.52.22:657][869]LogInit: XAudio2 using 'Speakers (Realtek High Definition Audio)' : 2 channels at 48 kHz using 32 bits per sample (channel mask 0x3)
[2018.01.22-16.52.22:664][869]LogInit: FAudioDevice initialized.
[2018.01.22-16.52.22:709][869]LogLoad: Game class is 'Mode_BLGameplay_C'
[2018.01.22-16.52.22:717][869]LogWorld: Bringing World /Game/FirstPersonBP/Maps/UEDPIE_0_FirstPersonExampleMap.FirstPersonExampleMap up for play (max tick rate 0) at 2018.01.22-16.52.22
[2018.01.22-16.52.22:717][869]LogWorld: Bringing up level for play took: 0.002894
[2018.01.22-16.52.22:864][869]LogContentBrowser: Native class hierarchy updated for 'MovieSceneCapture' in 0.0008 seconds. Added 11 classes and 0 folders.
[2018.01.22-16.52.22:870][869]PIE: Info Play in editor start time for /Game/FirstPersonBP/Maps/UEDPIE_0_FirstPersonExampleMap 0.929
[2018.01.22-16.52.22:871][869]LogBlueprintUserMessages: Late PlayInEditor Detection: Level '/Game/FirstPersonBP/Maps/FirstPersonExampleMap.FirstPersonExampleMap:PersistentLevel' has LevelScriptBlueprint '/Game/FirstPersonBP/Maps/FirstPersonExampleMap.FirstPersonExampleMap:PersistentLevel.FirstPersonExampleMap' with GeneratedClass '/Game/FirstPersonBP/Maps/FirstPersonExampleMap.FirstPersonExampleMap_C' with ClassGeneratedBy '/Game/FirstPersonBP/Maps/FirstPersonExampleMap.FirstPersonExampleMap:PersistentLevel.FirstPersonExampleMap'
[2018.01.22-16.52.49:049][995]LogBlueprintUserMessages: Early EndPlayMap Detection: Level '/Game/FirstPersonBP/Maps/FirstPersonExampleMap.FirstPersonExampleMap:PersistentLevel' has LevelScriptBlueprint '/Game/FirstPersonBP/Maps/FirstPersonExampleMap.FirstPersonExampleMap:PersistentLevel.FirstPersonExampleMap' with GeneratedClass '/Game/FirstPersonBP/Maps/FirstPersonExampleMap.FirstPersonExampleMap_C' with ClassGeneratedBy '/Game/FirstPersonBP/Maps/FirstPersonExampleMap.FirstPersonExampleMap:PersistentLevel.FirstPersonExampleMap'
[2018.01.22-16.52.49:080][995]LogBlueprintUserMessages: Late EndPlayMap Detection: Level '/Game/FirstPersonBP/Maps/FirstPersonExampleMap.FirstPersonExampleMap:PersistentLevel' has LevelScriptBlueprint '/Game/FirstPersonBP/Maps/FirstPersonExampleMap.FirstPersonExampleMap:PersistentLevel.FirstPersonExampleMap' with GeneratedClass '/Game/FirstPersonBP/Maps/FirstPersonExampleMap.FirstPersonExampleMap_C' with ClassGeneratedBy '/Game/FirstPersonBP/Maps/FirstPersonExampleMap.FirstPersonExampleMap:PersistentLevel.FirstPersonExampleMap'
