Log file open, 01/21/18 23:27:00
LogInit:Display: Running engine for game: Borderlandsy
LogPlatformFile: Not using cached read wrapper
LogInit:Display: RandInit(-123630760) SRandInit(-123630760).
LogTaskGraph: Started task graph with 5 named threads and 8 total threads with 1 sets of task threads.
LogStats: Stats thread started at 0.111304
LogInit: Using libcurl 7.47.1
LogInit:  - built for x86_64-pc-win32
LogInit:  - supports SSL with OpenSSL/1.0.2g
LogInit:  - supports HTTP deflate (compression) using libz 1.2.8
LogInit:  - other features:
LogInit:      CURL_VERSION_SSL
LogInit:      CURL_VERSION_LIBZ
LogInit:      CURL_VERSION_IPV6
LogInit:      CURL_VERSION_ASYNCHDNS
LogInit:      CURL_VERSION_LARGEFILE
LogInit:      CURL_VERSION_IDN
LogInit:  CurlRequestOptions (configurable via config and command line):
LogInit:  - bVerifyPeer = false  - Libcurl will NOT verify peer certificate
LogInit:  - bUseHttpProxy = false  - Libcurl will NOT use HTTP proxy
LogInit:  - bDontReuseConnections = false  - Libcurl will reuse connections
LogInit:  - CertBundlePath = nullptr  - Libcurl will use whatever was configured at build time.
LogInit: Build: ++UE4+Release-4.16-CL-3561208
LogInit: Engine Version: 4.16.3-3561208+++UE4+Release-4.16
LogInit: Compatible Engine Version: 4.16.0-3452394+++UE4+Release-4.16
LogInit: Net CL: 3452394
LogDevObjectVersion: Number of dev versions registered: 16
LogDevObjectVersion:   Dev-Blueprints (B0D832E4-1F89-4F0D-ACCF-7EB736FD4AA2): 9
LogDevObjectVersion:   Dev-Build (E1C64328-A22C-4D53-A36C-8E866417BD8C): 0
LogDevObjectVersion:   Dev-Core (375EC13C-06E4-48FB-B500-84F0262A717E): 2
LogDevObjectVersion:   Dev-Editor (E4B068ED-F494-42E9-A231-DA0B2E46BB41): 17
LogDevObjectVersion:   Dev-Framework (CFFC743F-43B0-4480-9391-14DF171D2073): 23
LogDevObjectVersion:   Dev-Mobile (B02B49B5-BB20-44E9-A304-32B752E40360): 0
LogDevObjectVersion:   Dev-Networking (A4E4105C-59A1-49B5-A7C5-40C4547EDFEE): 0
LogDevObjectVersion:   Dev-Online (39C831C9-5AE6-47DC-9A44-9C173E1C8E7C): 0
LogDevObjectVersion:   Dev-Physics (78F01B33-EBEA-4F98-B9B4-84EACCB95AA2): 0
LogDevObjectVersion:   Dev-Platform (6631380F-2D4D-43E0-8009-CF276956A95A): 0
LogDevObjectVersion:   Dev-Rendering (12F88B9F-8875-4AFC-A67C-D90C383ABD29): 15
LogDevObjectVersion:   Dev-Sequencer (7B5AE74C-D270-4C10-A958-57980B212A5A): 4
LogDevObjectVersion:   Dev-VR (D7296918-1DD6-4BDD-9DE2-64A83CC13884): 0
LogDevObjectVersion:   Dev-LoadTimes (C2A15278-BFE7-4AFE-6C17-90FF531DF755): 1
LogDevObjectVersion:   Private-Geometry (6EACA3D4-40EC-4CC1-B786-8BED09428FC5): 1
LogDevObjectVersion:   Dev-AnimPhys (29E575DD-E0A3-4627-9D10-D276232CDCEA): 3
LogInit: Compiled (64-bit): Jul 28 2017 11:49:47
LogInit: Compiled with Visual C++: 19.00.24215.01
LogInit: Build Configuration: Development
LogInit: Branch Name: ++UE4+Release-4.16
LogInit: Command line:  
LogInit: Base directory: H:/Program Files/Epic Games/UE_4.16/Engine/Binaries/Win64/
LogInit: Installed Engine Build: 1
LogInit: Presizing for max 8388607 objects, including 0 objects not considered by GC, pre-allocating 0 bytes for permanent pool.
LogInit: Object subsystem initialized
[2018.01.21-23.27.00:691][  0]LogInit: Selected Device Profile: [Windows]
[2018.01.21-23.27.00:691][  0]LogInit: Applying CVar settings loaded from the selected device profile: [Windows]
[2018.01.21-23.27.00:710][  0]LogInit: Computer: DESKTOP-N9RJLCO
[2018.01.21-23.27.00:710][  0]LogInit: User: Level2Select
[2018.01.21-23.27.00:710][  0]LogInit: CPU Page size=4096, Cores=4
[2018.01.21-23.27.00:710][  0]LogInit: High frequency timer resolution =3.923867 MHz
[2018.01.21-23.27.00:710][  0]LogMemory: Memory total: Physical=16.0GB (16GB approx)
[2018.01.21-23.27.00:710][  0]LogMemory: Platform Memory Stats for Windows
[2018.01.21-23.27.00:710][  0]LogMemory: Process Physical Memory: 273.41 MB used, 273.41 MB peak
[2018.01.21-23.27.00:710][  0]LogMemory: Process Virtual Memory: 260.75 MB used, 260.75 MB peak
[2018.01.21-23.27.00:710][  0]LogMemory: Physical Memory: 6596.91 MB used,  9769.20 MB free, 16366.11 MB total
[2018.01.21-23.27.00:710][  0]LogMemory: Virtual Memory: 671.54 MB used,  9769.20 MB free, 134217728.00 MB total
[2018.01.21-23.27.00:802][  0]LogInit: Using OS detected language (en-GB).
[2018.01.21-23.27.00:802][  0]LogInit: Using OS detected locale (en-GB).
[2018.01.21-23.27.00:805][  0]LogTextLocalizationManager: No specific localization for 'en-GB' exists, so the 'en' localization will be used.
[2018.01.21-23.27.01:938][  0]LogD3D11RHI: D3D11 adapters:
[2018.01.21-23.27.01:997][  0]LogD3D11RHI:    0. 'NVIDIA GeForce GTX 970' (Feature Level 11_0)
[2018.01.21-23.27.01:997][  0]LogD3D11RHI:       4043/0/8183 MB DedicatedVideo/DedicatedSystem/SharedSystem, Outputs:1, VendorId:0x10de
[2018.01.21-23.27.01:999][  0]LogD3D11RHI:    1. 'Microsoft Basic Render Driver' (Feature Level 11_0)
[2018.01.21-23.27.01:999][  0]LogD3D11RHI:       0/0/8183 MB DedicatedVideo/DedicatedSystem/SharedSystem, Outputs:0, VendorId:0x1414
[2018.01.21-23.27.01:999][  0]LogD3D11RHI: Chosen D3D11 Adapter: 0
[2018.01.21-23.27.02:010][  0]LogD3D11RHI: Creating new Direct3DDevice
[2018.01.21-23.27.02:010][  0]LogD3D11RHI:     GPU DeviceId: 0x13c2 (for the marketing name, search the web for "GPU Device Id")
[2018.01.21-23.27.02:010][  0]LogWindows: EnumDisplayDevices:
[2018.01.21-23.27.02:011][  0]LogWindows:    0. 'NVIDIA GeForce GTX 970' (P:1 D:1)
[2018.01.21-23.27.02:011][  0]LogWindows:    1. 'NVIDIA GeForce GTX 970' (P:0 D:0)
[2018.01.21-23.27.02:011][  0]LogWindows:    2. 'NVIDIA GeForce GTX 970' (P:0 D:0)
[2018.01.21-23.27.02:011][  0]LogWindows:    3. 'NVIDIA GeForce GTX 970' (P:0 D:0)
[2018.01.21-23.27.02:011][  0]LogWindows: DebugString: GetVideoDriverDetailsInvalid PrimaryIsNotTheChoosenAdapter GetVideoDriverDetailsInvalid PrimaryIsNotTheChoosenAdapter GetVideoDriverDetailsInvalid PrimaryIsNotTheChoosenAdapter GetVideoDriverDetailsInvalid PrimaryIsNotTheChoosenAdapter FoundDriverCount:0 
[2018.01.21-23.27.02:011][  0]LogD3D11RHI:     Adapter Name: NVIDIA GeForce GTX 970
[2018.01.21-23.27.02:011][  0]LogD3D11RHI:   Driver Version: Unknown (internal:Unknown, unified:Unknown)
[2018.01.21-23.27.02:011][  0]LogD3D11RHI:      Driver Date: Unknown
[2018.01.21-23.27.02:011][  0]LogRHI: Texture pool is 1361 MB (70% of 1945 MB)
[2018.01.21-23.27.02:046][  0]LogD3D11RHI: Async texture creation enabled
[2018.01.21-23.27.02:066][  0]LogD3D11RHI: GPU Timing Frequency: 1000.000000 (Debug: 2 2)
[2018.01.21-23.27.02:116][  0]LogShaderCompilers: Guid format shader working directory is 11 characters bigger than the processId version (G:/Uni/Journeyman/Base/JMan1_Borderlandsy/Intermediate/Shaders/WorkingDirectory/10272/).
[2018.01.21-23.27.02:116][  0]LogShaderCompilers: Cleaned the shader compiler working directory 'C:/Users/Level2Select/AppData/Local/Temp/UnrealShaderWorkingDir/2D2AF0CD42E077232D5421B15518C28B/'.
[2018.01.21-23.27.02:116][  0]LogShaderCompilers:Display: Using Local Shader Compiler.
[2018.01.21-23.27.03:723][  0]LogTemp:Display: Loaded TP AllDesktopTargetPlatform
[2018.01.21-23.27.03:793][  0]LogTemp:Display: Loaded TP MacClientTargetPlatform
[2018.01.21-23.27.03:867][  0]LogTemp:Display: Loaded TP MacNoEditorTargetPlatform
[2018.01.21-23.27.03:933][  0]LogTemp:Display: Loaded TP MacServerTargetPlatform
[2018.01.21-23.27.04:000][  0]LogTemp:Display: Loaded TP MacTargetPlatform
[2018.01.21-23.27.04:071][  0]LogTemp:Display: Loaded TP WindowsClientTargetPlatform
[2018.01.21-23.27.04:143][  0]LogTemp:Display: Loaded TP WindowsNoEditorTargetPlatform
[2018.01.21-23.27.04:215][  0]LogTemp:Display: Loaded TP WindowsServerTargetPlatform
[2018.01.21-23.27.04:282][  0]LogTemp:Display: Loaded TP WindowsTargetPlatform
[2018.01.21-23.27.04:359][  0]LogTemp:Display: Loaded TP AndroidTargetPlatform
[2018.01.21-23.27.04:431][  0]LogTemp:Display: Loaded TP Android_ASTCTargetPlatform
[2018.01.21-23.27.04:506][  0]LogTemp:Display: Loaded TP Android_ATCTargetPlatform
[2018.01.21-23.27.04:589][  0]LogTemp:Display: Loaded TP Android_DXTTargetPlatform
[2018.01.21-23.27.04:657][  0]LogTemp:Display: Loaded TP Android_ETC1TargetPlatform
[2018.01.21-23.27.04:723][  0]LogTemp:Display: Loaded TP Android_ETC2TargetPlatform
[2018.01.21-23.27.04:856][  0]LogTemp:Display: Loaded TP Android_MultiTargetPlatform
[2018.01.21-23.27.04:856][  0]LogTemp:Display: Loaded TP Android_PVRTCTargetPlatform
[2018.01.21-23.27.04:911][  0]LogTemp:Display: Loaded TP HTML5TargetPlatform
[2018.01.21-23.27.05:032][  0]LogTemp:Display: Loaded TP IOSTargetPlatform
[2018.01.21-23.27.05:074][  0]LogTemp:Display: Loaded TP TVOSTargetPlatform
[2018.01.21-23.27.05:144][  0]LogTemp:Display: Loaded TP LinuxClientTargetPlatform
[2018.01.21-23.27.05:214][  0]LogTemp:Display: Loaded TP LinuxNoEditorTargetPlatform
[2018.01.21-23.27.05:283][  0]LogTemp:Display: Loaded TP LinuxServerTargetPlatform
[2018.01.21-23.27.05:352][  0]LogTemp:Display: Loaded TP LinuxTargetPlatform
[2018.01.21-23.27.05:352][  0]LogTargetPlatformManager:Display: Building Assets For Windows
[2018.01.21-23.27.06:014][  0]LogDerivedDataCache:Display: Max Cache Size: 512 MB
[2018.01.21-23.27.06:173][  0]LogDerivedDataCache: Loaded boot cache 0.16s 90MB C:/Users/Level2Select/AppData/Local/UnrealEngine/4.16/DerivedDataCache/Boot.ddc.
[2018.01.21-23.27.06:173][  0]LogDerivedDataCache:Display: Loaded Boot cache: C:/Users/Level2Select/AppData/Local/UnrealEngine/4.16/DerivedDataCache/Boot.ddc
[2018.01.21-23.27.06:174][  0]LogDerivedDataCache: FDerivedDataBackendGraph:  Pak pak cache file G:/Uni/Journeyman/Base/JMan1_Borderlandsy/DerivedDataCache/DDC.ddp not found, will not use a pak cache.
[2018.01.21-23.27.06:174][  0]LogDerivedDataCache: Unable to find inner node Pak for hierarchical cache Hierarchy.
[2018.01.21-23.27.06:174][  0]LogDerivedDataCache: FDerivedDataBackendGraph:  CompressedPak pak cache file G:/Uni/Journeyman/Base/JMan1_Borderlandsy/DerivedDataCache/Compressed.ddp not found, will not use a pak cache.
[2018.01.21-23.27.06:174][  0]LogDerivedDataCache: Unable to find inner node CompressedPak for hierarchical cache Hierarchy.
[2018.01.21-23.27.06:196][  0]LogDerivedDataCache:Display: Pak cache opened for reading ../../../Engine/DerivedDataCache/Compressed.ddp.
[2018.01.21-23.27.06:209][  0]LogDerivedDataCache: Using Local data cache path C:/Users/Level2Select/AppData/Local/UnrealEngine/Common/DerivedDataCache: Writable
[2018.01.21-23.27.06:226][  0]LogMaterial: Verifying Global Shaders for PCD3D_SM5
[2018.01.21-23.27.06:226][  0]LogSlate: Using Freetype 2.6.0
[2018.01.21-23.27.06:227][  0]LogSlate: SlateFontCache - WITH_FREETYPE: 1, WITH_HARFBUZZ: 1
[2018.01.21-23.27.06:227][  0]LogSlate: SlateFontCache - WITH_FREETYPE: 1, WITH_HARFBUZZ: 1
[2018.01.21-23.27.06:705][  0]LogInit: Selected Device Profile: [Windows]
[2018.01.21-23.27.06:824][  0]LogContentStreaming: Texture pool size is 0.00 MB
[2018.01.21-23.27.07:028][  0]LogMeshUtilities: Using QuadricMeshReduction for automatic static mesh reduction
[2018.01.21-23.27.07:085][  0]LogSimplygon: Simplygon DLL not present - disabling.
[2018.01.21-23.27.07:152][  0]LogMeshUtilities: Using SimplygonSwarm for distributed automatic mesh merging
[2018.01.21-23.27.07:152][  0]LogMeshUtilities: No automatic skeletal mesh reduction module available
[2018.01.21-23.27.07:152][  0]LogMeshUtilities: No automatic mesh merging module available
[2018.01.21-23.27.07:909][  0]LogNetVersion: Borderlandsy , NetCL: 3452394, EngineNetVer: 2, GameNetVer: 0 (Checksum: 504114346)
[2018.01.21-23.27.07:996][  0]LogAssetRegistry: FAssetRegistry took 0.0283 seconds to start up
[2018.01.21-23.27.08:234][  0]LogPackageLocalizationCache: Processed 4 localized package path(s) for 2 prioritized culture(s) in 0.198189 seconds
[2018.01.21-23.27.08:243][  0]LogUObjectArray: 34194 objects as part of root set at end of initial load.
[2018.01.21-23.27.08:243][  0]LogUObjectAllocator: 7260416 out of 0 bytes used by permanent object pool.
[2018.01.21-23.27.08:243][  0]LogUObjectArray: CloseDisregardForGC: 0/0 objects in disregard for GC pool
[2018.01.21-23.27.08:341][  0]LogInit: WinSock: version 1.1 (2.2), MaxSocks=32767, MaxUdp=65467
[2018.01.21-23.27.11:467][  0]LogTcpMessaging: Initializing TcpMessaging bridge
[2018.01.21-23.27.11:519][  0]LogUdpMessaging: Initializing bridge on interface 0.0.0.0:0 to multicast group 230.0.0.1:6666.
[2018.01.21-23.27.12:179][  0]LogMaterial: Uniform references updated for custom material expression Custom.
[2018.01.21-23.27.12:699][  0]SourceControl: Info Source control is disabled
[2018.01.21-23.27.12:701][  0]SourceControl: Info Source control is disabled
[2018.01.21-23.27.12:761][  0]SourceControl: Info Source control is disabled
[2018.01.21-23.27.12:819][  0]SourceControl: Info Source control is disabled
[2018.01.21-23.27.13:690][  0]LogAndroidPermission: UAndroidPermissionCallbackProxy::GetInstance
[2018.01.21-23.27.14:446][  0]LogEngine: Initializing Engine...
[2018.01.21-23.27.14:447][  0]LogHMD: Failed to initialize OpenVR with code 110
[2018.01.21-23.27.14:707][  0]LogStats: UGameplayTagsManager::ConstructGameplayTagTree: Construct from data asset -  0.000 s
[2018.01.21-23.27.14:707][  0]LogStats: UGameplayTagsManager::ConstructGameplayTagTree: GameplayTagTreeChangedEvent.Broadcast -  0.000 s
[2018.01.21-23.27.14:881][  0]LogAIModule: Creating AISystem for world Untitled
[2018.01.21-23.27.14:895][  0]LogInit: XAudio2 using 'Speakers (Front and Back of PC) (VIA HD Audio(Win 10))' : 2 channels at 48 kHz using 32 bits per sample (channel mask 0x3)
[2018.01.21-23.27.14:917][  0]LogInit: FAudioDevice initialized.
[2018.01.21-23.27.15:005][  0]LogDerivedDataCache: Saved boot cache 0.09s 90MB C:/Users/Level2Select/AppData/Local/UnrealEngine/4.16/DerivedDataCache/Boot.ddc.
[2018.01.21-23.27.15:025][  0]LogInit: Texture streaming: Enabled
[2018.01.21-23.27.15:158][  0]LogEngineSessionManager: EngineSessionManager initialized
[2018.01.21-23.27.15:441][  0]LogInit: Transaction tracking system initialized
[2018.01.21-23.27.15:842][  0]BlueprintLog: New page: Editor Load
[2018.01.21-23.27.17:029][  0]LocalizationService: Info Localization service is disabled
[2018.01.21-23.27.17:923][  0]LogConsoleResponse:Display: 
[2018.01.21-23.27.18:093][  0]LogCook:Display: Max memory allowance for cook 16384mb min free memory 0mb
[2018.01.21-23.27.18:093][  0]LogCook:Display: Mobile HDR setting 1
[2018.01.21-23.27.18:833][  0]LogFileCache: Scanning file cache for directory 'G:/Uni/Journeyman/Base/JMan1_Borderlandsy/Content/' took 0.02s
[2018.01.21-23.27.19:433][  0]SourceControl: Info Source control is disabled
[2018.01.21-23.27.19:433][  0]Cmd: MAP LOAD FILE="G:/Uni/Journeyman/Base/JMan1_Borderlandsy/Content/FirstPersonBP/Maps/FirstPersonExampleMap.umap" TEMPLATE=0 SHOWPROGRESS=1 FEATURELEVEL=3
[2018.01.21-23.27.19:434][  0]LightingResults: New page: Lighting Build
[2018.01.21-23.27.19:487][  0]MapCheck: New page: Map Check
[2018.01.21-23.27.19:487][  0]LightingResults: New page: Lighting Build
[2018.01.21-23.27.20:518][  0]LogAIModule: Creating AISystem for world FirstPersonExampleMap
[2018.01.21-23.27.20:527][  0]LogEditorServer: Finished looking for orphan Actors (0.000 secs)
[2018.01.21-23.27.20:551][  0]Cmd: MAP CHECKDEP NOCLEARLOG
[2018.01.21-23.27.20:622][  0]MapCheck: Info Map check complete: 0 Error(s), 0 Warning(s), took 70.731ms to complete.
[2018.01.21-23.27.20:622][  0]LogFileHelpers: Loading map 'FirstPersonExampleMap' took 1.188
[2018.01.21-23.27.20:778][  0]LogCollectionManager: Loaded 0 collections in 0.001218 seconds
[2018.01.21-23.27.20:873][  0]LogFileCache: Scanning file cache for directory 'G:/Uni/Journeyman/Base/JMan1_Borderlandsy/Saved/Collections/' took 0.01s
[2018.01.21-23.27.20:873][  0]LogFileCache: Scanning file cache for directory 'G:/Uni/Journeyman/Base/JMan1_Borderlandsy/Content/Developers/Level2Select/Collections/' took 0.01s
[2018.01.21-23.27.20:873][  0]LogFileCache: Scanning file cache for directory 'G:/Uni/Journeyman/Base/JMan1_Borderlandsy/Content/Collections/' took 0.01s
[2018.01.21-23.27.20:873][  0]LogCollectionManager: Rebuilt the GUID cache for 0 collections in 0.000002 seconds
[2018.01.21-23.27.20:890][  0]LogContentBrowser: Native class hierarchy populated in 0.0160 seconds. Added 2329 classes and 491 folders.
[2018.01.21-23.27.20:979][  0]LogContentBrowser: Native class hierarchy updated for 'WidgetCarousel' in 0.0008 seconds. Added 0 classes and 0 folders.
[2018.01.21-23.27.21:035][  0]LogContentBrowser: Native class hierarchy updated for 'AddContentDialog' in 0.0007 seconds. Added 0 classes and 0 folders.
[2018.01.21-23.27.21:098][  0]LogContentBrowser: Native class hierarchy updated for 'SceneOutliner' in 0.0013 seconds. Added 1 classes and 2 folders.
[2018.01.21-23.27.21:148][  0]LogCrashTracker: Crashtracker disabled due to settings.
[2018.01.21-23.27.21:154][  0]LogSlate: Took 0.000379 seconds to synchronously load lazily loaded font '../../../Engine/Content/Slate/Fonts/Roboto-Regular.ttf' (155K)
[2018.01.21-23.27.21:156][  0]LogSlate: Took 0.000360 seconds to synchronously load lazily loaded font '../../../Engine/Content/Slate/Fonts/Roboto-Bold.ttf' (160K)
[2018.01.21-23.27.21:165][  0]LogSlate: Took 0.000496 seconds to synchronously load lazily loaded font '../../../Engine/Content/Editor/Slate/Fonts/FontAwesome.ttf' (139K)
[2018.01.21-23.27.21:285][  0]LogRenderer: Reallocating scene render targets to support 912x576 NumSamples 1 (Frame:1).
[2018.01.21-23.27.21:447][  0]LogUObjectGlobals:Warning: Failed to find object 'Class None.'
[2018.01.21-23.27.21:525][  0]LogContentBrowser: Native class hierarchy updated for 'HierarchicalLODOutliner' in 0.0007 seconds. Added 1 classes and 2 folders.
[2018.01.21-23.27.21:525][  0]LogLoad: (Engine Initialization) Total time: 22.95 seconds
[2018.01.21-23.27.21:525][  0]LogLoad: (Engine Initialization) Total Blueprint compile time: 0.34 seconds
[2018.01.21-23.27.21:525][  0]LogExternalProfiler: No external profilers were discovered.  External profiling features will not be available.
[2018.01.21-23.27.21:864][  0]LogOcInput: OculusInput pre-init called
[2018.01.21-23.27.21:864][  0]LogHMD: Starting GearVRController plugin
[2018.01.21-23.27.21:887][  0]LogContentStreaming: Texture pool size now 800 MB
[2018.01.21-23.27.21:944][  0]LogSlate: Took 0.000419 seconds to synchronously load lazily loaded font '../../../Engine/Content/Slate/Fonts/Roboto-Light.ttf' (159K)
[2018.01.21-23.27.22:208][  1]LogAssetRegistry: Asset discovery search completed in 14.2349 seconds
[2018.01.21-23.27.22:211][  1]LogCollectionManager: Rebuilt the object cache for 0 collections in 0.000001 seconds (found 0 objects)
[2018.01.21-23.27.22:211][  1]LogCollectionManager: Fixed up redirectors for 0 collections in 0.000062 seconds (updated 0 objects)
[2018.01.21-23.27.31:319][953]LogSlate:Warning: Prevented a slow task dialog from being summoned while a context menu was open
[2018.01.21-23.27.31:320][953]LogLinker:Warning: Unable to load package (G:/Uni/Journeyman/Base/JMan1_Borderlandsy/Content/ThirdPersonBP/Maps/ThirdPersonExampleMap.umap). Post Tag is not valid. File might be corrupted.
[2018.01.21-23.27.31:320][953]LogLinker:Warning: Unable to load package (G:/Uni/Journeyman/Base/JMan1_Borderlandsy/Content/ThirdPersonBP/Maps/ThirdPersonExampleMap.umap). Post Tag is not valid. File might be corrupted.
[2018.01.21-23.27.31:321][953]LogUObjectGlobals:Warning: Failed to find object 'Object /Game/ThirdPersonBP/Maps/ThirdPersonExampleMap.ThirdPersonExampleMap'
[2018.01.21-23.27.31:324][953]LogLinker:Error: Bad name index 851987/49
[2018.01.21-23.27.31:324][953]LogClass:Warning: Array bound exceeded (var SizeX=1728289283, exceeds TextureSource [0-0] in package:  G:/Uni/Journeyman/Base/JMan1_Borderlandsy/Content/ThirdPersonBP/Maps/ThirdPersonExampleMap_BuiltData.uasset
[2018.01.21-23.27.31:324][953]LogLinker:Error: Bad name index 23658908/49
[2018.01.21-23.27.31:324][953]LogLinker:Error: Bad name index 1644343202/49
[2018.01.21-23.27.31:324][953]LogSerialization:Error: Invalid boolean encountered while reading archive - stream is most likely corrupted.
[2018.01.21-23.27.31:344][953]LogSerialization:Error: Invalid boolean encountered while reading archive - stream is most likely corrupted.
[2018.01.21-23.27.31:344][953]LogLinker:Error: Bad name index 704643168/49
[2018.01.21-23.27.31:345][953]LogWindows: Windows GetLastError: The operation completed successfully. (0)
[2018.01.21-23.27.32:183][953]LogCrashTracker: 


[2018.01.21-23.27.32:183][953]LogCrashTracker: 


[2018.01.21-23.27.32:183][953]LogWindows:Error: === Critical error: ===
[2018.01.21-23.27.32:183][953]LogWindows:Error: 
[2018.01.21-23.27.32:183][953]LogWindows:Error: Fatal error: [File:D:\Build\++UE4+Release-4.16+Compile\Sync\Engine\Source\Runtime\CoreUObject\Private\UObject\LinkerLoad.cpp] [Line: 3292] 
[2018.01.21-23.27.32:183][953]LogWindows:Error: LightMapTexture2D /Game/ThirdPersonBP/Maps/ThirdPersonExampleMap_BuiltData.ThirdPersonExampleMap_BuiltData:HQ_Lightmap0_1: Serial size mismatch: Got 384, Expected 502
[2018.01.21-23.27.32:183][953]LogWindows:Error: 
[2018.01.21-23.27.32:183][953]LogWindows:Error: 
[2018.01.21-23.27.32:183][953]LogWindows:Error: KERNELBASE.dll!0x0000000033633FB8
[2018.01.21-23.27.32:183][953]LogWindows:Error: UE4Editor-Core.dll!0x00000000F8A9AFFE
[2018.01.21-23.27.32:183][953]LogWindows:Error: UE4Editor-Core.dll!0x00000000F88B249B
[2018.01.21-23.27.32:183][953]LogWindows:Error: UE4Editor-Core.dll!0x00000000F8840849
[2018.01.21-23.27.32:183][953]LogWindows:Error: UE4Editor-CoreUObject.dll!0x0000000002A444D9
[2018.01.21-23.27.32:183][953]LogWindows:Error: UE4Editor-CoreUObject.dll!0x0000000002B42A32
[2018.01.21-23.27.32:183][953]LogWindows:Error: UE4Editor-CoreUObject.dll!0x0000000002B59393
[2018.01.21-23.27.32:183][953]LogWindows:Error: UE4Editor-CoreUObject.dll!0x0000000002B5891A
[2018.01.21-23.27.32:183][953]LogWindows:Error: UE4Editor-CoreUObject.dll!0x0000000002B6DB28
[2018.01.21-23.27.32:183][953]LogWindows:Error: UE4Editor-CoreUObject.dll!0x0000000002B77C05
[2018.01.21-23.27.32:183][953]LogWindows:Error: UE4Editor-CoreUObject.dll!0x0000000002B773F2
[2018.01.21-23.27.32:183][953]LogWindows:Error: UE4Editor-ContentBrowser.dll!0x00000000E514AF53
[2018.01.21-23.27.32:183][953]LogWindows:Error: UE4Editor-ContentBrowser.dll!0x00000000E5112467
[2018.01.21-23.27.32:183][953]LogWindows:Error: UE4Editor-ContentBrowser.dll!0x00000000E511A426
[2018.01.21-23.27.32:183][953]LogWindows:Error: UE4Editor-ContentBrowser.dll!0x00000000E5093D1E
[2018.01.21-23.27.32:183][953]LogWindows:Error: UE4Editor-ContentBrowser.dll!0x00000000E5096969
[2018.01.21-23.27.32:183][953]LogWindows:Error: UE4Editor-ContentBrowser.dll!0x00000000E51167D5
[2018.01.21-23.27.32:183][953]LogWindows:Error: UE4Editor-ContentBrowser.dll!0x00000000E5114437
[2018.01.21-23.27.32:183][953]LogWindows:Error: UE4Editor-ContentBrowser.dll!0x00000000E51780B9
[2018.01.21-23.27.32:183][953]LogWindows:Error: UE4Editor-ContentBrowser.dll!0x00000000E5094092
[2018.01.21-23.27.32:183][953]LogWindows:Error: UE4Editor-ContentBrowser.dll!0x00000000E5096C39
[2018.01.21-23.27.32:183][953]LogWindows:Error: UE4Editor-ContentBrowser.dll!0x00000000E51174A5
[2018.01.21-23.27.32:183][953]LogWindows:Error: UE4Editor-Slate.dll!0x00000000040B8F57
[2018.01.21-23.27.32:183][953]LogWindows:Error: UE4Editor-Slate.dll!0x00000000040E5D7B
[2018.01.21-23.27.32:183][953]LogWindows:Error: UE4Editor-Slate.dll!0x0000000003F09E9C
[2018.01.21-23.27.32:183][953]LogWindows:Error: UE4Editor-Slate.dll!0x0000000003ED9835
[2018.01.21-23.27.32:183][953]LogWindows:Error: UE4Editor-Slate.dll!0x0000000003F7E5E2
[2018.01.21-23.27.32:183][953]LogWindows:Error: UE4Editor-Slate.dll!0x0000000003F6720F
[2018.01.21-23.27.32:183][953]LogWindows:Error: UE4Editor-Slate.dll!0x0000000003F58391
[2018.01.21-23.27.32:183][953]LogWindows:Error: UE4Editor-Core.dll!0x00000000F8A9175B
[2018.01.21-23.27.32:183][953]LogWindows:Error: UE4Editor-Core.dll!0x00000000F8A7B7D1
[2018.01.21-23.27.32:183][953]LogWindows:Error: UE4Editor-Core.dll!0x00000000F8A933DB
[2018.01.21-23.27.32:183][953]LogWindows:Error: UE4Editor-Core.dll!0x00000000F8A77B22
[2018.01.21-23.27.32:183][953]LogWindows:Error: USER32.dll!0x00000000355EB85D
[2018.01.21-23.27.32:184][953]LogWindows:Error: USER32.dll!0x00000000355EB1EF
[2018.01.21-23.27.32:184][953]LogWindows:Error: UE4Editor-Core.dll!0x00000000F8A93CE6
[2018.01.21-23.27.32:184][953]LogWindows:Error: UE4Editor.exe!0x000000005A1FDB44
[2018.01.21-23.27.32:184][953]LogWindows:Error: UE4Editor.exe!0x000000005A1EF0B0
[2018.01.21-23.27.32:184][953]LogWindows:Error: UE4Editor.exe!0x000000005A1EF12A
[2018.01.21-23.27.32:184][953]LogWindows:Error: UE4Editor.exe!0x000000005A200CF9
[2018.01.21-23.27.32:184][953]LogWindows:Error: UE4Editor.exe!0x000000005A2025F7
[2018.01.21-23.27.32:184][953]LogWindows:Error: KERNEL32.DLL!0x0000000035781FE4
[2018.01.21-23.27.32:184][953]LogWindows:Error: ntdll.dll!0x000000003642EFB1
[2018.01.21-23.27.32:184][953]LogWindows:Error: ntdll.dll!0x000000003642EFB1
[2018.01.21-23.27.32:184][953]LogWindows:Error: 
[2018.01.21-23.27.32:200][953]LogExit: Executing StaticShutdownAfterError
[2018.01.21-23.27.32:203][953]LogWindows: FPlatformMisc::RequestExit(1)
[2018.01.21-23.27.32:203][953]Log file closed, 01/21/18 23:27:32
