Log file open, 01/24/18 17:45:03
LogInit:Display: Running engine for game: Borderlandsy
LogPlatformFile: Not using cached read wrapper
LogInit:Display: RandInit(-437655188) SRandInit(-437655187).
LogTaskGraph: Started task graph with 5 named threads and 10 total threads with 1 sets of task threads.
LogStats: Stats thread started at 0.129977
LogInit: Using libcurl 7.47.1
LogInit:  - built for x86_64-pc-win32
LogInit:  - supports SSL with OpenSSL/1.0.2g
LogInit:  - supports HTTP deflate (compression) using libz 1.2.8
LogInit:  - other features:
LogInit:      CURL_VERSION_SSL
LogInit:      CURL_VERSION_LIBZ
LogInit:      CURL_VERSION_IPV6
LogInit:      CURL_VERSION_ASYNCHDNS
LogInit:      CURL_VERSION_LARGEFILE
LogInit:      CURL_VERSION_IDN
LogInit:  CurlRequestOptions (configurable via config and command line):
LogInit:  - bVerifyPeer = false  - Libcurl will NOT verify peer certificate
LogInit:  - bUseHttpProxy = false  - Libcurl will NOT use HTTP proxy
LogInit:  - bDontReuseConnections = false  - Libcurl will reuse connections
LogInit:  - CertBundlePath = nullptr  - Libcurl will use whatever was configured at build time.
LogInit: Build: ++UE4+Release-4.16-CL-3561208
LogInit: Engine Version: 4.16.3-3561208+++UE4+Release-4.16
LogInit: Compatible Engine Version: 4.16.0-3452394+++UE4+Release-4.16
LogInit: Net CL: 3452394
LogDevObjectVersion: Number of dev versions registered: 16
LogDevObjectVersion:   Dev-Blueprints (B0D832E4-1F89-4F0D-ACCF-7EB736FD4AA2): 9
LogDevObjectVersion:   Dev-Build (E1C64328-A22C-4D53-A36C-8E866417BD8C): 0
LogDevObjectVersion:   Dev-Core (375EC13C-06E4-48FB-B500-84F0262A717E): 2
LogDevObjectVersion:   Dev-Editor (E4B068ED-F494-42E9-A231-DA0B2E46BB41): 17
LogDevObjectVersion:   Dev-Framework (CFFC743F-43B0-4480-9391-14DF171D2073): 23
LogDevObjectVersion:   Dev-Mobile (B02B49B5-BB20-44E9-A304-32B752E40360): 0
LogDevObjectVersion:   Dev-Networking (A4E4105C-59A1-49B5-A7C5-40C4547EDFEE): 0
LogDevObjectVersion:   Dev-Online (39C831C9-5AE6-47DC-9A44-9C173E1C8E7C): 0
LogDevObjectVersion:   Dev-Physics (78F01B33-EBEA-4F98-B9B4-84EACCB95AA2): 0
LogDevObjectVersion:   Dev-Platform (6631380F-2D4D-43E0-8009-CF276956A95A): 0
LogDevObjectVersion:   Dev-Rendering (12F88B9F-8875-4AFC-A67C-D90C383ABD29): 15
LogDevObjectVersion:   Dev-Sequencer (7B5AE74C-D270-4C10-A958-57980B212A5A): 4
LogDevObjectVersion:   Dev-VR (D7296918-1DD6-4BDD-9DE2-64A83CC13884): 0
LogDevObjectVersion:   Dev-LoadTimes (C2A15278-BFE7-4AFE-6C17-90FF531DF755): 1
LogDevObjectVersion:   Private-Geometry (6EACA3D4-40EC-4CC1-B786-8BED09428FC5): 1
LogDevObjectVersion:   Dev-AnimPhys (29E575DD-E0A3-4627-9D10-D276232CDCEA): 3
LogInit: Compiled (64-bit): Jul 28 2017 11:49:47
LogInit: Compiled with Visual C++: 19.00.24215.01
LogInit: Build Configuration: Development
LogInit: Branch Name: ++UE4+Release-4.16
LogInit: Command line:  
LogInit: Base directory: C:/Program Files/Epic Games/UE_4.16/Engine/Binaries/Win64/
LogInit: Installed Engine Build: 1
LogInit: Presizing for max 8388607 objects, including 0 objects not considered by GC, pre-allocating 0 bytes for permanent pool.
LogInit: Object subsystem initialized
[2018.01.24-17.45.04:925][  0]LogInit: Selected Device Profile: [Windows]
[2018.01.24-17.45.04:925][  0]LogInit: Applying CVar settings loaded from the selected device profile: [Windows]
[2018.01.24-17.45.04:983][  0]LogInit: Computer: TU45019
[2018.01.24-17.45.04:983][  0]LogInit: User: S6077803
[2018.01.24-17.45.04:983][  0]LogInit: CPU Page size=4096, Cores=6
[2018.01.24-17.45.04:983][  0]LogInit: High frequency timer resolution =3.410070 MHz
[2018.01.24-17.45.04:983][  0]LogMemory: Memory total: Physical=31.9GB (32GB approx)
[2018.01.24-17.45.04:983][  0]LogMemory: Platform Memory Stats for Windows
[2018.01.24-17.45.04:983][  0]LogMemory: Process Physical Memory: 274.16 MB used, 274.16 MB peak
[2018.01.24-17.45.04:983][  0]LogMemory: Process Virtual Memory: 267.60 MB used, 267.60 MB peak
[2018.01.24-17.45.04:983][  0]LogMemory: Physical Memory: 10079.18 MB used,  22604.99 MB free, 32684.16 MB total
[2018.01.24-17.45.04:983][  0]LogMemory: Virtual Memory: 634.49 MB used,  22604.99 MB free, 134217728.00 MB total
[2018.01.24-17.45.05:227][  0]LogInit: Using OS detected language (en-US).
[2018.01.24-17.45.05:227][  0]LogInit: Using OS detected locale (en-GB).
[2018.01.24-17.45.05:231][  0]LogTextLocalizationManager: No specific localization for 'en-US' exists, so the 'en' localization will be used.
[2018.01.24-17.45.06:306][  0]LogD3D11RHI: D3D11 adapters:
[2018.01.24-17.45.06:338][  0]LogD3D11RHI:    0. 'NVIDIA GeForce GTX 980 Ti' (Feature Level 11_0)
[2018.01.24-17.45.06:338][  0]LogD3D11RHI:       6102/0/16342 MB DedicatedVideo/DedicatedSystem/SharedSystem, Outputs:2, VendorId:0x10de
[2018.01.24-17.45.06:341][  0]LogD3D11RHI:    1. 'Microsoft Basic Render Driver' (Feature Level 11_0)
[2018.01.24-17.45.06:341][  0]LogD3D11RHI:       0/0/16342 MB DedicatedVideo/DedicatedSystem/SharedSystem, Outputs:0, VendorId:0x1414
[2018.01.24-17.45.06:341][  0]LogD3D11RHI: Chosen D3D11 Adapter: 0
[2018.01.24-17.45.06:346][  0]LogD3D11RHI: Creating new Direct3DDevice
[2018.01.24-17.45.06:347][  0]LogD3D11RHI:     GPU DeviceId: 0x17c8 (for the marketing name, search the web for "GPU Device Id")
[2018.01.24-17.45.06:347][  0]LogWindows: EnumDisplayDevices:
[2018.01.24-17.45.06:347][  0]LogWindows:    0. 'NVIDIA GeForce GTX 980 Ti' (P:1 D:1)
[2018.01.24-17.45.06:347][  0]LogWindows:    1. 'NVIDIA GeForce GTX 980 Ti' (P:0 D:1)
[2018.01.24-17.45.06:347][  0]LogWindows:    2. 'NVIDIA GeForce GTX 980 Ti' (P:0 D:0)
[2018.01.24-17.45.06:347][  0]LogWindows:    3. 'NVIDIA GeForce GTX 980 Ti' (P:0 D:0)
[2018.01.24-17.45.06:347][  0]LogWindows: DebugString: FoundDriverCount:4 
[2018.01.24-17.45.06:347][  0]LogD3D11RHI:     Adapter Name: NVIDIA GeForce GTX 980 Ti
[2018.01.24-17.45.06:347][  0]LogD3D11RHI:   Driver Version: 376.53 (internal:21.21.13.7653, unified:376.53)
[2018.01.24-17.45.06:347][  0]LogD3D11RHI:      Driver Date: 12-29-2016
[2018.01.24-17.45.06:347][  0]LogRHI: Texture pool is 1361 MB (70% of 1945 MB)
[2018.01.24-17.45.06:366][  0]LogD3D11RHI: Async texture creation enabled
[2018.01.24-17.45.06:377][  0]LogD3D11RHI: GPU Timing Frequency: 1000.000000 (Debug: 2 1)
[2018.01.24-17.45.06:421][  0]LogD3D11RHI: HDR output is supported on display 1 (NvId: 0x80061084).
[2018.01.24-17.45.06:421][  0]LogShaderCompilers: Guid format shader working directory is -23 characters bigger than the processId version (F:/University/Year 2/ICA 2 - Journeyman/Unreal Files/JMan1_Borderlandsy/Intermediate/Shaders/WorkingDirectory/14764/).
[2018.01.24-17.45.06:422][  0]LogShaderCompilers: Cleaned the shader compiler working directory 'C:/Users/S6077803/AppData/Local/Temp/UnrealShaderWorkingDir/A599A809472B43D6B23D8CA2E8551E33/'.
[2018.01.24-17.45.06:422][  0]LogShaderCompilers:Display: Using Local Shader Compiler.
[2018.01.24-17.45.07:700][  0]LogTemp:Display: Loaded TP AllDesktopTargetPlatform
[2018.01.24-17.45.07:819][  0]LogTemp:Display: Loaded TP MacClientTargetPlatform
[2018.01.24-17.45.07:947][  0]LogTemp:Display: Loaded TP MacNoEditorTargetPlatform
[2018.01.24-17.45.08:071][  0]LogTemp:Display: Loaded TP MacServerTargetPlatform
[2018.01.24-17.45.08:189][  0]LogTemp:Display: Loaded TP MacTargetPlatform
[2018.01.24-17.45.08:311][  0]LogTemp:Display: Loaded TP WindowsClientTargetPlatform
[2018.01.24-17.45.08:445][  0]LogTemp:Display: Loaded TP WindowsNoEditorTargetPlatform
[2018.01.24-17.45.08:565][  0]LogTemp:Display: Loaded TP WindowsServerTargetPlatform
[2018.01.24-17.45.08:677][  0]LogTemp:Display: Loaded TP WindowsTargetPlatform
[2018.01.24-17.45.08:803][  0]LogTemp:Display: Loaded TP AndroidTargetPlatform
[2018.01.24-17.45.08:931][  0]LogTemp:Display: Loaded TP Android_ASTCTargetPlatform
[2018.01.24-17.45.09:051][  0]LogTemp:Display: Loaded TP Android_ATCTargetPlatform
[2018.01.24-17.45.09:198][  0]LogTemp:Display: Loaded TP Android_DXTTargetPlatform
[2018.01.24-17.45.09:332][  0]LogTemp:Display: Loaded TP Android_ETC1TargetPlatform
[2018.01.24-17.45.09:461][  0]LogTemp:Display: Loaded TP Android_ETC2TargetPlatform
[2018.01.24-17.45.09:715][  0]LogTemp:Display: Loaded TP Android_MultiTargetPlatform
[2018.01.24-17.45.09:715][  0]LogTemp:Display: Loaded TP Android_PVRTCTargetPlatform
[2018.01.24-17.45.09:834][  0]LogTemp:Display: Loaded TP HTML5TargetPlatform
[2018.01.24-17.45.10:058][  0]LogTemp:Display: Loaded TP IOSTargetPlatform
[2018.01.24-17.45.10:142][  0]LogTemp:Display: Loaded TP TVOSTargetPlatform
[2018.01.24-17.45.10:271][  0]LogTemp:Display: Loaded TP LinuxClientTargetPlatform
[2018.01.24-17.45.10:409][  0]LogTemp:Display: Loaded TP LinuxNoEditorTargetPlatform
[2018.01.24-17.45.10:565][  0]LogTemp:Display: Loaded TP LinuxServerTargetPlatform
[2018.01.24-17.45.10:718][  0]LogTemp:Display: Loaded TP LinuxTargetPlatform
[2018.01.24-17.45.10:718][  0]LogTargetPlatformManager:Display: Building Assets For Windows
[2018.01.24-17.45.12:141][  0]LogDerivedDataCache:Display: Max Cache Size: 512 MB
[2018.01.24-17.45.12:221][  0]LogDerivedDataCache: Loaded boot cache 0.08s 90MB C:/Users/S6077803/AppData/Local/UnrealEngine/4.16/DerivedDataCache/Boot.ddc.
[2018.01.24-17.45.12:221][  0]LogDerivedDataCache:Display: Loaded Boot cache: C:/Users/S6077803/AppData/Local/UnrealEngine/4.16/DerivedDataCache/Boot.ddc
[2018.01.24-17.45.12:221][  0]LogDerivedDataCache: FDerivedDataBackendGraph:  Pak pak cache file F:/University/Year 2/ICA 2 - Journeyman/Unreal Files/JMan1_Borderlandsy/DerivedDataCache/DDC.ddp not found, will not use a pak cache.
[2018.01.24-17.45.12:221][  0]LogDerivedDataCache: Unable to find inner node Pak for hierarchical cache Hierarchy.
[2018.01.24-17.45.12:221][  0]LogDerivedDataCache: FDerivedDataBackendGraph:  CompressedPak pak cache file F:/University/Year 2/ICA 2 - Journeyman/Unreal Files/JMan1_Borderlandsy/DerivedDataCache/Compressed.ddp not found, will not use a pak cache.
[2018.01.24-17.45.12:221][  0]LogDerivedDataCache: Unable to find inner node CompressedPak for hierarchical cache Hierarchy.
[2018.01.24-17.45.12:238][  0]LogDerivedDataCache:Display: Pak cache opened for reading ../../../Engine/DerivedDataCache/Compressed.ddp.
[2018.01.24-17.45.12:250][  0]LogDerivedDataCache: Using Local data cache path C:/Users/S6077803/AppData/Local/UnrealEngine/Common/DerivedDataCache: Writable
[2018.01.24-17.45.12:259][  0]LogMaterial: Verifying Global Shaders for PCD3D_SM5
[2018.01.24-17.45.12:259][  0]LogSlate: Using Freetype 2.6.0
[2018.01.24-17.45.12:260][  0]LogSlate: SlateFontCache - WITH_FREETYPE: 1, WITH_HARFBUZZ: 1
[2018.01.24-17.45.12:260][  0]LogSlate: SlateFontCache - WITH_FREETYPE: 1, WITH_HARFBUZZ: 1
[2018.01.24-17.45.12:646][  0]LogInit: Selected Device Profile: [Windows]
[2018.01.24-17.45.12:736][  0]LogContentStreaming: Texture pool size is 0.00 MB
[2018.01.24-17.45.13:029][  0]LogMeshUtilities: Using QuadricMeshReduction for automatic static mesh reduction
[2018.01.24-17.45.13:156][  0]LogSimplygon: Simplygon DLL not present - disabling.
[2018.01.24-17.45.13:273][  0]LogMeshUtilities: Using SimplygonSwarm for distributed automatic mesh merging
[2018.01.24-17.45.13:273][  0]LogMeshUtilities: No automatic skeletal mesh reduction module available
[2018.01.24-17.45.13:273][  0]LogMeshUtilities: No automatic mesh merging module available
